# JRE version: OpenJDK Runtime Environment Temurin-21.0.9+10 (21.0.9+10) (build 21.0.9+10-LTS)
# Java VM: OpenJDK 64-Bit Server VM Temurin-21.0.9+10 (21.0.9+10-LTS, mixed mode, sharing, tiered, compressed oops, compressed class ptrs, parallel gc, windows-amd64)
GC Precious Log:
 CardTable entry size: 512
 CPUs: 20 total, 20 available
 Memory: 16108M
 Large Page Support: Disabled
 NUMA Support: Disabled
 Compressed Oops: Enabled (32-bit)
 Alignments: Space 512K, Generation 512K, Heap 2M
 Heap Min Capacity: 100M
 Heap Initial Capacity: 100M
 Heap Max Capacity: 2G
 Pre-touch: Disabled
 Parallel Workers: 15
Heap:
 PSYoungGen      total 3584K, used 1800K [0x00000000d5580000, 0x00000000d5a00000, 0x0000000100000000)
  eden space 2560K, 49% used [0x00000000d5580000,0x00000000d56bdc68,0x00000000d5800000)
  from space 1024K, 52% used [0x00000000d5800000,0x00000000d5885808,0x00000000d5900000)
  to   space 1024K, 0% used [0x00000000d5900000,0x00000000d5900000,0x00000000d5a00000)
 ParOldGen       total 433664K, used 433188K [0x0000000080000000, 0x000000009a780000, 0x00000000d5580000)
  object space 433664K, 99% used [0x0000000080000000,0x000000009a709310,0x000000009a780000)
 Metaspace       used 65258K, committed 66816K, reserved 1114112K
  class space    used 6746K, committed 7488K, reserved 1048576K
GC Heap History (20 events):
Event: 34.249 GC heap before
{Heap before GC invocations=600 (full 4):
 PSYoungGen      total 2048K, used 2040K [0x00000000d5580000, 0x00000000d5900000, 0x0000000100000000)
  eden space 1536K, 99% used [0x00000000d5580000,0x00000000d56ff470,0x00000000d5700000)
  from space 512K, 99% used [0x00000000d5800000,0x00000000d587ec08,0x00000000d5880000)
  to   space 1024K, 0% used [0x00000000d5700000,0x00000000d5700000,0x00000000d5800000)
 ParOldGen       total 429568K, used 429456K [0x0000000080000000, 0x000000009a380000, 0x00000000d5580000)
  object space 429568K, 99% used [0x0000000080000000,0x000000009a364080,0x000000009a380000)
 Metaspace       used 65078K, committed 66624K, reserved 1114112K
  class space    used 6729K, committed 7424K, reserved 1048576K
}
Event: 34.250 GC heap after
{Heap after GC invocations=600 (full 4):
 PSYoungGen      total 2560K, used 352K [0x00000000d5580000, 0x00000000d5880000, 0x0000000100000000)
  eden space 1536K, 0% used [0x00000000d5580000,0x00000000d5580000,0x00000000d5700000)
  from space 1024K, 34% used [0x00000000d5700000,0x00000000d5758000,0x00000000d5800000)
  to   space 512K, 0% used [0x00000000d5800000,0x00000000d5800000,0x00000000d5880000)
 ParOldGen       total 430080K, used 429675K [0x0000000080000000, 0x000000009a400000, 0x00000000d5580000)
  object space 430080K, 99% used [0x0000000080000000,0x000000009a39ac98,0x000000009a400000)
 Metaspace       used 65078K, committed 66624K, reserved 1114112K
  class space    used 6729K, committed 7424K, reserved 1048576K
}
Event: 34.255 GC heap before
{Heap before GC invocations=601 (full 4):
 PSYoungGen      total 2560K, used 1888K [0x00000000d5580000, 0x00000000d5880000, 0x0000000100000000)
  eden space 1536K, 100% used [0x00000000d5580000,0x00000000d5700000,0x00000000d5700000)
  from space 1024K, 34% used [0x00000000d5700000,0x00000000d5758000,0x00000000d5800000)
  to   space 512K, 0% used [0x00000000d5800000,0x00000000d5800000,0x00000000d5880000)
 ParOldGen       total 430080K, used 429675K [0x0000000080000000, 0x000000009a400000, 0x00000000d5580000)
  object space 430080K, 99% used [0x0000000080000000,0x000000009a39ac98,0x000000009a400000)
 Metaspace       used 65080K, committed 66624K, reserved 1114112K
  class space    used 6729K, committed 7424K, reserved 1048576K
}
Event: 34.256 GC heap after
{Heap after GC invocations=601 (full 4):
 PSYoungGen      total 2048K, used 486K [0x00000000d5580000, 0x00000000d5900000, 0x0000000100000000)
  eden space 1536K, 0% used [0x00000000d5580000,0x00000000d5580000,0x00000000d5700000)
  from space 512K, 94% used [0x00000000d5800000,0x00000000d5879998,0x00000000d5880000)
  to   space 1024K, 0% used [0x00000000d5700000,0x00000000d5700000,0x00000000d5800000)
 ParOldGen       total 430080K, used 429931K [0x0000000080000000, 0x000000009a400000, 0x00000000d5580000)
  object space 430080K, 99% used [0x0000000080000000,0x000000009a3dac98,0x000000009a400000)
 Metaspace       used 65080K, committed 66624K, reserved 1114112K
  class space    used 6729K, committed 7424K, reserved 1048576K
}
Event: 34.260 GC heap before
{Heap before GC invocations=602 (full 4):
 PSYoungGen      total 2048K, used 2022K [0x00000000d5580000, 0x00000000d5900000, 0x0000000100000000)
  eden space 1536K, 100% used [0x00000000d5580000,0x00000000d5700000,0x00000000d5700000)
  from space 512K, 94% used [0x00000000d5800000,0x00000000d5879998,0x00000000d5880000)
  to   space 1024K, 0% used [0x00000000d5700000,0x00000000d5700000,0x00000000d5800000)
 ParOldGen       total 430080K, used 429931K [0x0000000080000000, 0x000000009a400000, 0x00000000d5580000)
  object space 430080K, 99% used [0x0000000080000000,0x000000009a3dac98,0x000000009a400000)
 Metaspace       used 65083K, committed 66624K, reserved 1114112K
  class space    used 6729K, committed 7424K, reserved 1048576K
}
Event: 34.261 GC heap after
{Heap after GC invocations=602 (full 4):
 PSYoungGen      total 2560K, used 576K [0x00000000d5580000, 0x00000000d5980000, 0x0000000100000000)
  eden space 1536K, 0% used [0x00000000d5580000,0x00000000d5580000,0x00000000d5700000)
  from space 1024K, 56% used [0x00000000d5700000,0x00000000d5790000,0x00000000d5800000)
  to   space 1024K, 0% used [0x00000000d5880000,0x00000000d5880000,0x00000000d5980000)
 ParOldGen       total 430592K, used 430147K [0x0000000080000000, 0x000000009a480000, 0x00000000d5580000)
  object space 430592K, 99% used [0x0000000080000000,0x000000009a410c98,0x000000009a480000)
 Metaspace       used 65083K, committed 66624K, reserved 1114112K
  class space    used 6729K, committed 7424K, reserved 1048576K
}
Event: 34.264 GC heap before
{Heap before GC invocations=603 (full 4):
 PSYoungGen      total 2560K, used 2112K [0x00000000d5580000, 0x00000000d5980000, 0x0000000100000000)
  eden space 1536K, 100% used [0x00000000d5580000,0x00000000d5700000,0x00000000d5700000)
  from space 1024K, 56% used [0x00000000d5700000,0x00000000d5790000,0x00000000d5800000)
  to   space 1024K, 0% used [0x00000000d5880000,0x00000000d5880000,0x00000000d5980000)
 ParOldGen       total 430592K, used 430147K [0x0000000080000000, 0x000000009a480000, 0x00000000d5580000)
  object space 430592K, 99% used [0x0000000080000000,0x000000009a410c98,0x000000009a480000)
 Metaspace       used 65083K, committed 66624K, reserved 1114112K
  class space    used 6729K, committed 7424K, reserved 1048576K
}
Event: 34.266 GC heap after
{Heap after GC invocations=603 (full 4):
 PSYoungGen      total 3072K, used 480K [0x00000000d5580000, 0x00000000d5980000, 0x0000000100000000)
  eden space 2048K, 0% used [0x00000000d5580000,0x00000000d5580000,0x00000000d5780000)
  from space 1024K, 46% used [0x00000000d5880000,0x00000000d58f8000,0x00000000d5980000)
  to   space 1024K, 0% used [0x00000000d5780000,0x00000000d5780000,0x00000000d5880000)
 ParOldGen       total 430592K, used 430467K [0x0000000080000000, 0x000000009a480000, 0x00000000d5580000)
  object space 430592K, 99% used [0x0000000080000000,0x000000009a460eb0,0x000000009a480000)
 Metaspace       used 65083K, committed 66624K, reserved 1114112K
  class space    used 6729K, committed 7424K, reserved 1048576K
}
Event: 34.273 GC heap before
{Heap before GC invocations=604 (full 4):
 PSYoungGen      total 3072K, used 2528K [0x00000000d5580000, 0x00000000d5980000, 0x0000000100000000)
  eden space 2048K, 100% used [0x00000000d5580000,0x00000000d5780000,0x00000000d5780000)
  from space 1024K, 46% used [0x00000000d5880000,0x00000000d58f8000,0x00000000d5980000)
  to   space 1024K, 0% used [0x00000000d5780000,0x00000000d5780000,0x00000000d5880000)
 ParOldGen       total 430592K, used 430467K [0x0000000080000000, 0x000000009a480000, 0x00000000d5580000)
  object space 430592K, 99% used [0x0000000080000000,0x000000009a460eb0,0x000000009a480000)
 Metaspace       used 65086K, committed 66624K, reserved 1114112K
  class space    used 6729K, committed 7424K, reserved 1048576K
}
Event: 34.274 GC heap after
{Heap after GC invocations=604 (full 4):
 PSYoungGen      total 3072K, used 512K [0x00000000d5580000, 0x00000000d5a00000, 0x0000000100000000)
  eden space 2048K, 0% used [0x00000000d5580000,0x00000000d5580000,0x00000000d5780000)
  from space 1024K, 50% used [0x00000000d5780000,0x00000000d5800000,0x00000000d5880000)
  to   space 1024K, 0% used [0x00000000d5900000,0x00000000d5900000,0x00000000d5a00000)
 ParOldGen       total 431104K, used 430659K [0x0000000080000000, 0x000000009a500000, 0x00000000d5580000)
  object space 431104K, 99% used [0x0000000080000000,0x000000009a490eb0,0x000000009a500000)
 Metaspace       used 65086K, committed 66624K, reserved 1114112K
  class space    used 6729K, committed 7424K, reserved 1048576K
}
Event: 34.281 GC heap before
{Heap before GC invocations=605 (full 4):
 PSYoungGen      total 3072K, used 2559K [0x00000000d5580000, 0x00000000d5a00000, 0x0000000100000000)
  eden space 2048K, 99% used [0x00000000d5580000,0x00000000d577fff8,0x00000000d5780000)
  from space 1024K, 50% used [0x00000000d5780000,0x00000000d5800000,0x00000000d5880000)
  to   space 1024K, 0% used [0x00000000d5900000,0x00000000d5900000,0x00000000d5a00000)
 ParOldGen       total 431104K, used 430659K [0x0000000080000000, 0x000000009a500000, 0x00000000d5580000)
  object space 431104K, 99% used [0x0000000080000000,0x000000009a490eb0,0x000000009a500000)
 Metaspace       used 65086K, committed 66624K, reserved 1114112K
  class space    used 6729K, committed 7424K, reserved 1048576K
}
Event: 34.283 GC heap after
{Heap after GC invocations=605 (full 4):
 PSYoungGen      total 3584K, used 534K [0x00000000d5580000, 0x00000000d5a00000, 0x0000000100000000)
  eden space 2560K, 0% used [0x00000000d5580000,0x00000000d5580000,0x00000000d5800000)
  from space 1024K, 52% used [0x00000000d5900000,0x00000000d5985808,0x00000000d5a00000)
  to   space 1024K, 0% used [0x00000000d5800000,0x00000000d5800000,0x00000000d5900000)
 ParOldGen       total 431104K, used 430859K [0x0000000080000000, 0x000000009a500000, 0x00000000d5580000)
  object space 431104K, 99% used [0x0000000080000000,0x000000009a4c2ec0,0x000000009a500000)
 Metaspace       used 65086K, committed 66624K, reserved 1114112K
  class space    used 6729K, committed 7424K, reserved 1048576K
}
Event: 34.299 GC heap before
{Heap before GC invocations=606 (full 4):
 PSYoungGen      total 3584K, used 3094K [0x00000000d5580000, 0x00000000d5a00000, 0x0000000100000000)
  eden space 2560K, 100% used [0x00000000d5580000,0x00000000d5800000,0x00000000d5800000)
  from space 1024K, 52% used [0x00000000d5900000,0x00000000d5985808,0x00000000d5a00000)
  to   space 1024K, 0% used [0x00000000d5800000,0x00000000d5800000,0x00000000d5900000)
 ParOldGen       total 431104K, used 430859K [0x0000000080000000, 0x000000009a500000, 0x00000000d5580000)
  object space 431104K, 99% used [0x0000000080000000,0x000000009a4c2ec0,0x000000009a500000)
 Metaspace       used 65112K, committed 66624K, reserved 1114112K
  class space    used 6730K, committed 7424K, reserved 1048576K
}
Event: 34.300 GC heap after
{Heap after GC invocations=606 (full 4):
 PSYoungGen      total 3584K, used 448K [0x00000000d5580000, 0x00000000d5980000, 0x0000000100000000)
  eden space 2560K, 0% used [0x00000000d5580000,0x00000000d5580000,0x00000000d5800000)
  from space 1024K, 43% used [0x00000000d5800000,0x00000000d5870000,0x00000000d5900000)
  to   space 512K, 0% used [0x00000000d5900000,0x00000000d5900000,0x00000000d5980000)
 ParOldGen       total 431616K, used 431129K [0x0000000080000000, 0x000000009a580000, 0x00000000d5580000)
  object space 431616K, 99% used [0x0000000080000000,0x000000009a5066c8,0x000000009a580000)
 Metaspace       used 65112K, committed 66624K, reserved 1114112K
  class space    used 6730K, committed 7424K, reserved 1048576K
}
Event: 34.334 GC heap before
{Heap before GC invocations=607 (full 4):
 PSYoungGen      total 3584K, used 3008K [0x00000000d5580000, 0x00000000d5980000, 0x0000000100000000)
  eden space 2560K, 100% used [0x00000000d5580000,0x00000000d5800000,0x00000000d5800000)
  from space 1024K, 43% used [0x00000000d5800000,0x00000000d5870000,0x00000000d5900000)
  to   space 512K, 0% used [0x00000000d5900000,0x00000000d5900000,0x00000000d5980000)
 ParOldGen       total 431616K, used 431129K [0x0000000080000000, 0x000000009a580000, 0x00000000d5580000)
  object space 431616K, 99% used [0x0000000080000000,0x000000009a5066c8,0x000000009a580000)
 Metaspace       used 65118K, committed 66624K, reserved 1114112K
  class space    used 6730K, committed 7424K, reserved 1048576K
}
Event: 34.335 GC heap after
{Heap after GC invocations=607 (full 4):
 PSYoungGen      total 3072K, used 480K [0x00000000d5580000, 0x00000000d5980000, 0x0000000100000000)
  eden space 2560K, 0% used [0x00000000d5580000,0x00000000d5580000,0x00000000d5800000)
  from space 512K, 93% used [0x00000000d5900000,0x00000000d5978000,0x00000000d5980000)
  to   space 512K, 0% used [0x00000000d5880000,0x00000000d5880000,0x00000000d5900000)
 ParOldGen       total 431616K, used 431265K [0x0000000080000000, 0x000000009a580000, 0x00000000d5580000)
  object space 431616K, 99% used [0x0000000080000000,0x000000009a5286c8,0x000000009a580000)
 Metaspace       used 65118K, committed 66624K, reserved 1114112K
  class space    used 6730K, committed 7424K, reserved 1048576K
}
Event: 34.373 GC heap before
{Heap before GC invocations=608 (full 4):
 PSYoungGen      total 3072K, used 3039K [0x00000000d5580000, 0x00000000d5980000, 0x0000000100000000)
  eden space 2560K, 99% used [0x00000000d5580000,0x00000000d57ffcc0,0x00000000d5800000)
  from space 512K, 93% used [0x00000000d5900000,0x00000000d5978000,0x00000000d5980000)
  to   space 512K, 0% used [0x00000000d5880000,0x00000000d5880000,0x00000000d5900000)
 ParOldGen       total 431616K, used 431265K [0x0000000080000000, 0x000000009a580000, 0x00000000d5580000)
  object space 431616K, 99% used [0x0000000080000000,0x000000009a5286c8,0x000000009a580000)
 Metaspace       used 65192K, committed 66688K, reserved 1114112K
  class space    used 6735K, committed 7424K, reserved 1048576K
}
Event: 34.375 GC heap after
{Heap after GC invocations=608 (full 4):
 PSYoungGen      total 3072K, used 448K [0x00000000d5580000, 0x00000000d5980000, 0x0000000100000000)
  eden space 2560K, 0% used [0x00000000d5580000,0x00000000d5580000,0x00000000d5800000)
  from space 512K, 87% used [0x00000000d5880000,0x00000000d58f0000,0x00000000d5900000)
  to   space 512K, 0% used [0x00000000d5900000,0x00000000d5900000,0x00000000d5980000)
 ParOldGen       total 431616K, used 431377K [0x0000000080000000, 0x000000009a580000, 0x00000000d5580000)
  object space 431616K, 99% used [0x0000000080000000,0x000000009a5446d8,0x000000009a580000)
 Metaspace       used 65192K, committed 66688K, reserved 1114112K
  class space    used 6735K, committed 7424K, reserved 1048576K
}
Event: 34.413 GC heap before
{Heap before GC invocations=609 (full 4):
 PSYoungGen      total 3072K, used 3008K [0x00000000d5580000, 0x00000000d5980000, 0x0000000100000000)
  eden space 2560K, 100% used [0x00000000d5580000,0x00000000d5800000,0x00000000d5800000)
  from space 512K, 87% used [0x00000000d5880000,0x00000000d58f0000,0x00000000d5900000)
  to   space 512K, 0% used [0x00000000d5900000,0x00000000d5900000,0x00000000d5980000)
 ParOldGen       total 431616K, used 431377K [0x0000000080000000, 0x000000009a580000, 0x00000000d5580000)
  object space 431616K, 99% used [0x0000000080000000,0x000000009a5446d8,0x000000009a580000)
 Metaspace       used 65207K, committed 66688K, reserved 1114112K
  class space    used 6738K, committed 7424K, reserved 1048576K
}
Event: 35.411 GC heap after
{Heap after GC invocations=609 (full 4):
 PSYoungGen      total 3072K, used 512K [0x00000000d5580000, 0x00000000d5a00000, 0x0000000100000000)
  eden space 2560K, 0% used [0x00000000d5580000,0x00000000d5580000,0x00000000d5800000)
  from space 512K, 100% used [0x00000000d5900000,0x00000000d5980000,0x00000000d5980000)
  to   space 1024K, 0% used [0x00000000d5800000,0x00000000d5800000,0x00000000d5900000)
 ParOldGen       total 431616K, used 431537K [0x0000000080000000, 0x000000009a580000, 0x00000000d5580000)
  object space 431616K, 99% used [0x0000000080000000,0x000000009a56c6d8,0x000000009a580000)
 Metaspace       used 65207K, committed 66688K, reserved 1114112K
  class space    used 6738K, committed 7424K, reserved 1048576K
}

