# JRE version: OpenJDK Runtime Environment Temurin-21.0.9+10 (21.0.9+10) (build 21.0.9+10-LTS)
# Java VM: OpenJDK 64-Bit Server VM Temurin-21.0.9+10 (21.0.9+10-LTS, mixed mode, sharing, tiered, compressed oops, compressed class ptrs, parallel gc, windows-amd64)
GC Precious Log:
 CardTable entry size: 512
 CPUs: 20 total, 20 available
 Memory: 16108M
 Large Page Support: Disabled
 NUMA Support: Disabled
 Compressed Oops: Enabled (32-bit)
 Alignments: Space 512K, Generation 512K, Heap 2M
 Heap Min Capacity: 100M
 Heap Initial Capacity: 100M
 Heap Max Capacity: 2G
 Pre-touch: Disabled
 Parallel Workers: 15
Heap:
 PSYoungGen      total 2048K, used 1750K [0x00000000d5580000, 0x00000000d5880000, 0x0000000100000000)
  eden space 1536K, 88% used [0x00000000d5580000,0x00000000d56d5b28,0x00000000d5700000)
  from space 512K, 75% used [0x00000000d5800000,0x00000000d5860000,0x00000000d5880000)
  to   space 512K, 0% used [0x00000000d5700000,0x00000000d5700000,0x00000000d5780000)
 ParOldGen       total 589824K, used 108661K [0x0000000080000000, 0x00000000a4000000, 0x00000000d5580000)
  object space 589824K, 18% used [0x0000000080000000,0x0000000086a1d418,0x00000000a4000000)
 Metaspace       used 80843K, committed 82816K, reserved 1179648K
  class space    used 8342K, committed 9280K, reserved 1048576K
GC Heap History (20 events):
Event: 11211.733 GC heap before
{Heap before GC invocations=613 (full 4):
 PSYoungGen      total 3072K, used 2496K [0x00000000d5580000, 0x00000000d5980000, 0x0000000100000000)
  eden space 2048K, 100% used [0x00000000d5580000,0x00000000d5780000,0x00000000d5780000)
  from space 1024K, 43% used [0x00000000d5880000,0x00000000d58f0000,0x00000000d5980000)
  to   space 1024K, 0% used [0x00000000d5780000,0x00000000d5780000,0x00000000d5880000)
 ParOldGen       total 589824K, used 107293K [0x0000000080000000, 0x00000000a4000000, 0x00000000d5580000)
  object space 589824K, 18% used [0x0000000080000000,0x00000000868c7418,0x00000000a4000000)
 Metaspace       used 80731K, committed 82816K, reserved 1179648K
  class space    used 8342K, committed 9280K, reserved 1048576K
}
Event: 11211.734 GC heap after
{Heap after GC invocations=613 (full 4):
 PSYoungGen      total 3072K, used 496K [0x00000000d5580000, 0x00000000d5900000, 0x0000000100000000)
  eden space 2048K, 0% used [0x00000000d5580000,0x00000000d5580000,0x00000000d5780000)
  from space 1024K, 48% used [0x00000000d5780000,0x00000000d57fc010,0x00000000d5880000)
  to   space 512K, 0% used [0x00000000d5880000,0x00000000d5880000,0x00000000d5900000)
 ParOldGen       total 589824K, used 107421K [0x0000000080000000, 0x00000000a4000000, 0x00000000d5580000)
  object space 589824K, 18% used [0x0000000080000000,0x00000000868e7418,0x00000000a4000000)
 Metaspace       used 80731K, committed 82816K, reserved 1179648K
  class space    used 8342K, committed 9280K, reserved 1048576K
}
Event: 11211.743 GC heap before
{Heap before GC invocations=614 (full 4):
 PSYoungGen      total 3072K, used 2544K [0x00000000d5580000, 0x00000000d5900000, 0x0000000100000000)
  eden space 2048K, 100% used [0x00000000d5580000,0x00000000d5780000,0x00000000d5780000)
  from space 1024K, 48% used [0x00000000d5780000,0x00000000d57fc010,0x00000000d5880000)
  to   space 512K, 0% used [0x00000000d5880000,0x00000000d5880000,0x00000000d5900000)
 ParOldGen       total 589824K, used 107421K [0x0000000080000000, 0x00000000a4000000, 0x00000000d5580000)
  object space 589824K, 18% used [0x0000000080000000,0x00000000868e7418,0x00000000a4000000)
 Metaspace       used 80731K, committed 82816K, reserved 1179648K
  class space    used 8342K, committed 9280K, reserved 1048576K
}
Event: 11211.744 GC heap after
{Heap after GC invocations=614 (full 4):
 PSYoungGen      total 2048K, used 512K [0x00000000d5580000, 0x00000000d5a80000, 0x0000000100000000)
  eden space 1536K, 0% used [0x00000000d5580000,0x00000000d5580000,0x00000000d5700000)
  from space 512K, 100% used [0x00000000d5880000,0x00000000d5900000,0x00000000d5900000)
  to   space 1536K, 0% used [0x00000000d5700000,0x00000000d5700000,0x00000000d5880000)
 ParOldGen       total 589824K, used 107861K [0x0000000080000000, 0x00000000a4000000, 0x00000000d5580000)
  object space 589824K, 18% used [0x0000000080000000,0x0000000086955418,0x00000000a4000000)
 Metaspace       used 80731K, committed 82816K, reserved 1179648K
  class space    used 8342K, committed 9280K, reserved 1048576K
}
Event: 11211.775 GC heap before
{Heap before GC invocations=615 (full 4):
 PSYoungGen      total 2048K, used 2048K [0x00000000d5580000, 0x00000000d5a80000, 0x0000000100000000)
  eden space 1536K, 100% used [0x00000000d5580000,0x00000000d5700000,0x00000000d5700000)
  from space 512K, 100% used [0x00000000d5880000,0x00000000d5900000,0x00000000d5900000)
  to   space 1536K, 0% used [0x00000000d5700000,0x00000000d5700000,0x00000000d5880000)
 ParOldGen       total 589824K, used 107861K [0x0000000080000000, 0x00000000a4000000, 0x00000000d5580000)
  object space 589824K, 18% used [0x0000000080000000,0x0000000086955418,0x00000000a4000000)
 Metaspace       used 80736K, committed 82816K, reserved 1179648K
  class space    used 8342K, committed 9280K, reserved 1048576K
}
Event: 11211.776 GC heap after
{Heap after GC invocations=615 (full 4):
 PSYoungGen      total 2048K, used 288K [0x00000000d5580000, 0x00000000d5900000, 0x0000000100000000)
  eden space 1536K, 0% used [0x00000000d5580000,0x00000000d5580000,0x00000000d5700000)
  from space 512K, 56% used [0x00000000d5700000,0x00000000d5748000,0x00000000d5780000)
  to   space 1024K, 0% used [0x00000000d5800000,0x00000000d5800000,0x00000000d5900000)
 ParOldGen       total 589824K, used 108101K [0x0000000080000000, 0x00000000a4000000, 0x00000000d5580000)
  object space 589824K, 18% used [0x0000000080000000,0x0000000086991418,0x00000000a4000000)
 Metaspace       used 80736K, committed 82816K, reserved 1179648K
  class space    used 8342K, committed 9280K, reserved 1048576K
}
Event: 11211.802 GC heap before
{Heap before GC invocations=616 (full 4):
 PSYoungGen      total 2048K, used 1824K [0x00000000d5580000, 0x00000000d5900000, 0x0000000100000000)
  eden space 1536K, 100% used [0x00000000d5580000,0x00000000d5700000,0x00000000d5700000)
  from space 512K, 56% used [0x00000000d5700000,0x00000000d5748000,0x00000000d5780000)
  to   space 1024K, 0% used [0x00000000d5800000,0x00000000d5800000,0x00000000d5900000)
 ParOldGen       total 589824K, used 108101K [0x0000000080000000, 0x00000000a4000000, 0x00000000d5580000)
  object space 589824K, 18% used [0x0000000080000000,0x0000000086991418,0x00000000a4000000)
 Metaspace       used 80736K, committed 82816K, reserved 1179648K
  class space    used 8342K, committed 9280K, reserved 1048576K
}
Event: 11211.803 GC heap after
{Heap after GC invocations=616 (full 4):
 PSYoungGen      total 2048K, used 224K [0x00000000d5580000, 0x00000000d5880000, 0x0000000100000000)
  eden space 1536K, 0% used [0x00000000d5580000,0x00000000d5580000,0x00000000d5700000)
  from space 512K, 43% used [0x00000000d5800000,0x00000000d5838000,0x00000000d5880000)
  to   space 512K, 0% used [0x00000000d5700000,0x00000000d5700000,0x00000000d5780000)
 ParOldGen       total 589824K, used 108213K [0x0000000080000000, 0x00000000a4000000, 0x00000000d5580000)
  object space 589824K, 18% used [0x0000000080000000,0x00000000869ad418,0x00000000a4000000)
 Metaspace       used 80736K, committed 82816K, reserved 1179648K
  class space    used 8342K, committed 9280K, reserved 1048576K
}
Event: 11212.711 GC heap before
{Heap before GC invocations=617 (full 4):
 PSYoungGen      total 2048K, used 1760K [0x00000000d5580000, 0x00000000d5880000, 0x0000000100000000)
  eden space 1536K, 100% used [0x00000000d5580000,0x00000000d5700000,0x00000000d5700000)
  from space 512K, 43% used [0x00000000d5800000,0x00000000d5838000,0x00000000d5880000)
  to   space 512K, 0% used [0x00000000d5700000,0x00000000d5700000,0x00000000d5780000)
 ParOldGen       total 589824K, used 108213K [0x0000000080000000, 0x00000000a4000000, 0x00000000d5580000)
  object space 589824K, 18% used [0x0000000080000000,0x00000000869ad418,0x00000000a4000000)
 Metaspace       used 80797K, committed 82816K, reserved 1179648K
  class space    used 8342K, committed 9280K, reserved 1048576K
}
Event: 11212.711 GC heap after
{Heap after GC invocations=617 (full 4):
 PSYoungGen      total 2048K, used 256K [0x00000000d5580000, 0x00000000d5880000, 0x0000000100000000)
  eden space 1536K, 0% used [0x00000000d5580000,0x00000000d5580000,0x00000000d5700000)
  from space 512K, 50% used [0x00000000d5700000,0x00000000d5740000,0x00000000d5780000)
  to   space 512K, 0% used [0x00000000d5800000,0x00000000d5800000,0x00000000d5880000)
 ParOldGen       total 589824K, used 108221K [0x0000000080000000, 0x00000000a4000000, 0x00000000d5580000)
  object space 589824K, 18% used [0x0000000080000000,0x00000000869af418,0x00000000a4000000)
 Metaspace       used 80797K, committed 82816K, reserved 1179648K
  class space    used 8342K, committed 9280K, reserved 1048576K
}
Event: 11214.984 GC heap before
{Heap before GC invocations=618 (full 4):
 PSYoungGen      total 2048K, used 1792K [0x00000000d5580000, 0x00000000d5880000, 0x0000000100000000)
  eden space 1536K, 100% used [0x00000000d5580000,0x00000000d5700000,0x00000000d5700000)
  from space 512K, 50% used [0x00000000d5700000,0x00000000d5740000,0x00000000d5780000)
  to   space 512K, 0% used [0x00000000d5800000,0x00000000d5800000,0x00000000d5880000)
 ParOldGen       total 589824K, used 108221K [0x0000000080000000, 0x00000000a4000000, 0x00000000d5580000)
  object space 589824K, 18% used [0x0000000080000000,0x00000000869af418,0x00000000a4000000)
 Metaspace       used 80799K, committed 82816K, reserved 1179648K
  class space    used 8342K, committed 9280K, reserved 1048576K
}
Event: 11214.984 GC heap after
{Heap after GC invocations=618 (full 4):
 PSYoungGen      total 2048K, used 448K [0x00000000d5580000, 0x00000000d5880000, 0x0000000100000000)
  eden space 1536K, 0% used [0x00000000d5580000,0x00000000d5580000,0x00000000d5700000)
  from space 512K, 87% used [0x00000000d5800000,0x00000000d5870000,0x00000000d5880000)
  to   space 512K, 0% used [0x00000000d5700000,0x00000000d5700000,0x00000000d5780000)
 ParOldGen       total 589824K, used 108309K [0x0000000080000000, 0x00000000a4000000, 0x00000000d5580000)
  object space 589824K, 18% used [0x0000000080000000,0x00000000869c5418,0x00000000a4000000)
 Metaspace       used 80799K, committed 82816K, reserved 1179648K
  class space    used 8342K, committed 9280K, reserved 1048576K
}
Event: 11586.513 GC heap before
{Heap before GC invocations=619 (full 4):
 PSYoungGen      total 2048K, used 1984K [0x00000000d5580000, 0x00000000d5880000, 0x0000000100000000)
  eden space 1536K, 100% used [0x00000000d5580000,0x00000000d5700000,0x00000000d5700000)
  from space 512K, 87% used [0x00000000d5800000,0x00000000d5870000,0x00000000d5880000)
  to   space 512K, 0% used [0x00000000d5700000,0x00000000d5700000,0x00000000d5780000)
 ParOldGen       total 589824K, used 108309K [0x0000000080000000, 0x00000000a4000000, 0x00000000d5580000)
  object space 589824K, 18% used [0x0000000080000000,0x00000000869c5418,0x00000000a4000000)
 Metaspace       used 80808K, committed 82816K, reserved 1179648K
  class space    used 8342K, committed 9280K, reserved 1048576K
}
Event: 11586.519 GC heap after
{Heap after GC invocations=619 (full 4):
 PSYoungGen      total 2048K, used 384K [0x00000000d5580000, 0x00000000d5880000, 0x0000000100000000)
  eden space 1536K, 0% used [0x00000000d5580000,0x00000000d5580000,0x00000000d5700000)
  from space 512K, 75% used [0x00000000d5700000,0x00000000d5760000,0x00000000d5780000)
  to   space 512K, 0% used [0x00000000d5800000,0x00000000d5800000,0x00000000d5880000)
 ParOldGen       total 589824K, used 108397K [0x0000000080000000, 0x00000000a4000000, 0x00000000d5580000)
  object space 589824K, 18% used [0x0000000080000000,0x00000000869db418,0x00000000a4000000)
 Metaspace       used 80808K, committed 82816K, reserved 1179648K
  class space    used 8342K, committed 9280K, reserved 1048576K
}
Event: 11586.552 GC heap before
{Heap before GC invocations=620 (full 4):
 PSYoungGen      total 2048K, used 1919K [0x00000000d5580000, 0x00000000d5880000, 0x0000000100000000)
  eden space 1536K, 99% used [0x00000000d5580000,0x00000000d56ffff8,0x00000000d5700000)
  from space 512K, 75% used [0x00000000d5700000,0x00000000d5760000,0x00000000d5780000)
  to   space 512K, 0% used [0x00000000d5800000,0x00000000d5800000,0x00000000d5880000)
 ParOldGen       total 589824K, used 108397K [0x0000000080000000, 0x00000000a4000000, 0x00000000d5580000)
  object space 589824K, 18% used [0x0000000080000000,0x00000000869db418,0x00000000a4000000)
 Metaspace       used 80825K, committed 82816K, reserved 1179648K
  class space    used 8342K, committed 9280K, reserved 1048576K
}
Event: 11586.553 GC heap after
{Heap after GC invocations=620 (full 4):
 PSYoungGen      total 2048K, used 256K [0x00000000d5580000, 0x00000000d5880000, 0x0000000100000000)
  eden space 1536K, 0% used [0x00000000d5580000,0x00000000d5580000,0x00000000d5700000)
  from space 512K, 50% used [0x00000000d5800000,0x00000000d5840000,0x00000000d5880000)
  to   space 512K, 0% used [0x00000000d5700000,0x00000000d5700000,0x00000000d5780000)
 ParOldGen       total 589824K, used 108509K [0x0000000080000000, 0x00000000a4000000, 0x00000000d5580000)
  object space 589824K, 18% used [0x0000000080000000,0x00000000869f7418,0x00000000a4000000)
 Metaspace       used 80825K, committed 82816K, reserved 1179648K
  class space    used 8342K, committed 9280K, reserved 1048576K
}
Event: 11604.919 GC heap before
{Heap before GC invocations=621 (full 4):
 PSYoungGen      total 2048K, used 1792K [0x00000000d5580000, 0x00000000d5880000, 0x0000000100000000)
  eden space 1536K, 100% used [0x00000000d5580000,0x00000000d5700000,0x00000000d5700000)
  from space 512K, 50% used [0x00000000d5800000,0x00000000d5840000,0x00000000d5880000)
  to   space 512K, 0% used [0x00000000d5700000,0x00000000d5700000,0x00000000d5780000)
 ParOldGen       total 589824K, used 108509K [0x0000000080000000, 0x00000000a4000000, 0x00000000d5580000)
  object space 589824K, 18% used [0x0000000080000000,0x00000000869f7418,0x00000000a4000000)
 Metaspace       used 80828K, committed 82816K, reserved 1179648K
  class space    used 8342K, committed 9280K, reserved 1048576K
}
Event: 11604.922 GC heap after
{Heap after GC invocations=621 (full 4):
 PSYoungGen      total 2048K, used 448K [0x00000000d5580000, 0x00000000d5880000, 0x0000000100000000)
  eden space 1536K, 0% used [0x00000000d5580000,0x00000000d5580000,0x00000000d5700000)
  from space 512K, 87% used [0x00000000d5700000,0x00000000d5770000,0x00000000d5780000)
  to   space 512K, 0% used [0x00000000d5800000,0x00000000d5800000,0x00000000d5880000)
 ParOldGen       total 589824K, used 108589K [0x0000000080000000, 0x00000000a4000000, 0x00000000d5580000)
  object space 589824K, 18% used [0x0000000080000000,0x0000000086a0b418,0x00000000a4000000)
 Metaspace       used 80828K, committed 82816K, reserved 1179648K
  class space    used 8342K, committed 9280K, reserved 1048576K
}
Event: 11608.537 GC heap before
{Heap before GC invocations=622 (full 4):
 PSYoungGen      total 2048K, used 1984K [0x00000000d5580000, 0x00000000d5880000, 0x0000000100000000)
  eden space 1536K, 100% used [0x00000000d5580000,0x00000000d5700000,0x00000000d5700000)
  from space 512K, 87% used [0x00000000d5700000,0x00000000d5770000,0x00000000d5780000)
  to   space 512K, 0% used [0x00000000d5800000,0x00000000d5800000,0x00000000d5880000)
 ParOldGen       total 589824K, used 108589K [0x0000000080000000, 0x00000000a4000000, 0x00000000d5580000)
  object space 589824K, 18% used [0x0000000080000000,0x0000000086a0b418,0x00000000a4000000)
 Metaspace       used 80834K, committed 82816K, reserved 1179648K
  class space    used 8342K, committed 9280K, reserved 1048576K
}
Event: 11608.540 GC heap after
{Heap after GC invocations=622 (full 4):
 PSYoungGen      total 2048K, used 384K [0x00000000d5580000, 0x00000000d5880000, 0x0000000100000000)
  eden space 1536K, 0% used [0x00000000d5580000,0x00000000d5580000,0x00000000d5700000)
  from space 512K, 75% used [0x00000000d5800000,0x00000000d5860000,0x00000000d5880000)
  to   space 512K, 0% used [0x00000000d5700000,0x00000000d5700000,0x00000000d5780000)
 ParOldGen       total 589824K, used 108661K [0x0000000080000000, 0x00000000a4000000, 0x00000000d5580000)
  object space 589824K, 18% used [0x0000000080000000,0x0000000086a1d418,0x00000000a4000000)
 Metaspace       used 80834K, committed 82816K, reserved 1179648K
  class space    used 8342K, committed 9280K, reserved 1048576K
}

